[ T-Cross ]
    title = Energy distribution in region mesh
     mesh =  reg            # mesh type is region-wise
      reg =    1            # number of crossing regions
      non     r-from                  r-to                     area
      1       ( { 301 - 308 } )       ( { 201 - 208 } )        1.000000    
   e-type =    1            # e-mesh is given by the below data
       ne =      1          # number of e-mesh points
#    data = ( e(i), i = 1, ne + 1 )
            5.50000E-02  6.50000E-02
  eng2let =    0            # (D=0) Flag to convert energy to LET, 0: not convert, 1: convert
     unit =    1            # unit is [1/cm^2/source]
     axis =  eng            # axis of output
     file = cross_reg.out   # file name of output for the above axis
   output = flux            # surface crossing flux
     part =  photon   
# kf/name :  22       
   epsout =    1            # (D=0) generate eps file by ANGEL
#    used :        main (  %)        temp (  %)       total (  %)
#  memory :          18 (  0)           0 (  0)          18 (  0)

#------------------------------------------------------------------------------
#newpage:
#   no. =    1   reg = ( { 301 - 308 } ) - ( { 201 - 208 } )

x: Energy [MeV]
y:   Flux  [1/cm^2/source]                 
p: xlin ylog afac(0.8) form(0.9)
h: n            x            y(photon  ),hh0l n 
#  e-lower      e-upper        photon    r.err 
   5.5000E-02   6.5000E-02   9.4675E-02  0.0138

#   sum over                 9.4675E-02
'no. =    1   reg = ( { 301 - 308 } ) - ( { 201 - 208 } )'
msuc: {\huge Energy distribution in region mesh}
msdr: {\it plotted by \ANGEL \version}
msdl: {\it calculated by \PHITS  3.34}
wt: s(0.7)
\vspace{-3}
  region surface crossing
  area  &=&   1.0000E+00 [cm^2]
e:
 
# Information for Restart Calculation
# This calculation was newly started
# istdev =  2 # 1:Batch variance, 2:History variance
# resc2  = 1.00000000000000000E+05 # Total source weight or Total source weight / maxcas
# resc3  = 1.00000000000000000E+05 # Total history number or Total batch number
# maxcas =       10000 # History / Batch, only used for istdev=1
# bitrseed = 0001110011011001101111011000110011100000010010101010010011101100 # bit data of rseed
